Сборка начата 26.12.2023 8:05:50.
Уровень детализации журнала: Normal.     1>Проект "D:\уник\labs\ОПИ\lab08\лр8\лр8\лр8.vcxproj" в узле 2 (целевые объекты Build).
     1>InitializeBuildStatus:
         Создание "x64\Debug\лр8.tlog\unsuccessfulbuild", так как было задано "AlwaysCreate".
         Обращение к "x64\Debug\лр8.tlog\unsuccessfulbuild".
       ClCompile:
         C:\Program Files\Microsoft Visual Studio\2022\Preview\VC\Tools\MSVC\14.38.32919\bin\HostX64\x64\CL.exe /c /ZI /JMC /nologo /W3 /WX- /diagnostics:column /sdl /Od /D _DEBUG /D _CONSOLE /D _UNICODE /D UNICODE /Gm- /EHsc /RTC1 /MDd /GS /fp:precise /Zc:wchar_t /Zc:forScope /Zc:inline /permissive- /Fo"x64\Debug\\" /Fd"x64\Debug\vc143.pdb" /external:W3 /Gd /TP /FC /errorReport:prompt "лр8.cpp"
         лр8.cpp
       Link:
         C:\Program Files\Microsoft Visual Studio\2022\Preview\VC\Tools\MSVC\14.38.32919\bin\HostX64\x64\link.exe /ERRORREPORT:PROMPT /OUT:"D:\уник\labs\ОПИ\lab08\лр8\x64\Debug\лр8.exe" /INCREMENTAL /ILK:"x64\Debug\лр8.ilk" /NOLOGO kernel32.lib user32.lib gdi32.lib winspool.lib comdlg32.lib advapi32.lib shell32.lib ole32.lib oleaut32.lib uuid.lib odbc32.lib odbccp32.lib /MANIFEST /MANIFESTUAC:"level='asInvoker' uiAccess='false'" /manifest:embed /DEBUG /PDB:"D:\уник\labs\ОПИ\lab08\лр8\x64\Debug\лр8.pdb" /SUBSYSTEM:CONSOLE /TLBID:1 /DYNAMICBASE /NXCOMPAT /IMPLIB:"D:\уник\labs\ОПИ\lab08\лр8\x64\Debug\лр8.lib" /MACHINE:X64 x64\Debug\getSum.obj
         x64\Debug\getMul.obj
         "x64\Debug\лр8.obj"
         лр8.vcxproj -> D:\уник\labs\ОПИ\lab08\лр8\x64\Debug\лр8.exe
       FinalizeBuildStatus:
         Файл "x64\Debug\лр8.tlog\unsuccessfulbuild" удаляется.
         Обращение к "x64\Debug\лр8.tlog\лр8.lastbuildstate".
     1>Сборка проекта "D:\уник\labs\ОПИ\lab08\лр8\лр8\лр8.vcxproj" завершена (целевые объекты Build).

Сборка успешно завершена.
    Предупреждений: 0
    Ошибок: 0

Прошло времени 00:00:01.21
