Сборка начата 10.12.2023 20:07:11.
Уровень детализации журнала: Normal.     1>Проект "D:\уник\labs\ОПИ\lab08\ЛР5 осн\ЛР5 осн\ЛР5 осн.vcxproj" в узле 2 (целевые объекты Build).
     1>InitializeBuildStatus:
         Создание "x64\Debug\ЛР5 осн.tlog\unsuccessfulbuild", так как было задано "AlwaysCreate".
         Обращение к "x64\Debug\ЛР5 осн.tlog\unsuccessfulbuild".
       ClCompile:
         C:\Program Files\Microsoft Visual Studio\2022\Preview\VC\Tools\MSVC\14.38.32919\bin\HostX64\x64\CL.exe /c /ZI /JMC /nologo /W3 /WX- /diagnostics:column /sdl /Od /D _DEBUG /D _CONSOLE /D _UNICODE /D UNICODE /Gm- /EHsc /RTC1 /MDd /GS /fp:precise /Zc:wchar_t /Zc:forScope /Zc:inline /permissive- /Fo"x64\Debug\\" /Fd"x64\Debug\vc143.pdb" /external:W3 /Gd /TP /FC /errorReport:prompt "ЛР5 осн.cpp"
         ЛР5 осн.cpp
       Link:
         C:\Program Files\Microsoft Visual Studio\2022\Preview\VC\Tools\MSVC\14.38.32919\bin\HostX64\x64\link.exe /ERRORREPORT:PROMPT /OUT:"D:\уник\labs\ОПИ\lab08\ЛР5 осн\x64\Debug\ЛР5 осн.exe" /INCREMENTAL /ILK:"x64\Debug\ЛР5 осн.ilk" /NOLOGO kernel32.lib user32.lib gdi32.lib winspool.lib comdlg32.lib advapi32.lib shell32.lib ole32.lib oleaut32.lib uuid.lib odbc32.lib odbccp32.lib /MANIFEST /MANIFESTUAC:"level='asInvoker' uiAccess='false'" /manifest:embed /DEBUG /PDB:"D:\уник\labs\ОПИ\lab08\ЛР5 осн\x64\Debug\ЛР5 осн.pdb" /SUBSYSTEM:CONSOLE /TLBID:1 /DYNAMICBASE /NXCOMPAT /IMPLIB:"D:\уник\labs\ОПИ\lab08\ЛР5 осн\x64\Debug\ЛР5 осн.lib" /MACHINE:X64 "x64\Debug\ЛР5 осн.obj"
         ЛР5 осн.vcxproj -> D:\уник\labs\ОПИ\lab08\ЛР5 осн\x64\Debug\ЛР5 осн.exe
       TlogCleanup:
         Следующие элементы будут удалены из tlogs, так как они были удалены из проекта или сборки: D:\уник\ОПИ\lab05 г\ЛР5 осн\ЛР5 осн\ЛР5 осн.cpp.
       FinalizeBuildStatus:
         Файл "x64\Debug\ЛР5 осн.tlog\unsuccessfulbuild" удаляется.
         Обращение к "x64\Debug\ЛР5 осн.tlog\ЛР5 осн.lastbuildstate".
     1>Сборка проекта "D:\уник\labs\ОПИ\lab08\ЛР5 осн\ЛР5 осн\ЛР5 осн.vcxproj" завершена (целевые объекты Build).

Сборка успешно завершена.
    Предупреждений: 0
    Ошибок: 0

Прошло времени 00:00:01.63
